0 info it worked if it ends with ok
1 verbose cli [ 'node', '/usr/local/bin/npm', 'start' ]
2 info using npm@2.10.1
3 info using node@v0.12.4
4 verbose run-script [ 'prestart', 'start', 'poststart' ]
5 info prestart fabricator@1.2.2
6 verbose unsafe-perm in lifecycle true
7 info start fabricator@1.2.2
8 verbose unsafe-perm in lifecycle true
9 info fabricator@1.2.2 Failed to exec start script
10 verbose stack Error: fabricator@1.2.2 start: `node_modules/gulp/bin/gulp --dev`
10 verbose stack spawn ENOENT
10 verbose stack     at ChildProcess.<anonymous> (/usr/local/lib/node_modules/npm/lib/utils/spawn.js:17:16)
10 verbose stack     at ChildProcess.emit (events.js:110:17)
10 verbose stack     at maybeClose (child_process.js:1015:16)
10 verbose stack     at Process.ChildProcess._handle.onexit (child_process.js:1087:5)
11 verbose pkgid fabricator@1.2.2
12 verbose cwd /Users/bencochrane/projects/fabricator
13 error Darwin 15.0.0
14 error argv "node" "/usr/local/bin/npm" "start"
15 error node v0.12.4
16 error npm  v2.10.1
17 error file sh
18 error code ELIFECYCLE
19 error errno ENOENT
20 error syscall spawn
21 error fabricator@1.2.2 start: `node_modules/gulp/bin/gulp --dev`
21 error spawn ENOENT
22 error Failed at the fabricator@1.2.2 start script 'node_modules/gulp/bin/gulp --dev'.
22 error This is most likely a problem with the fabricator package,
22 error not with npm itself.
22 error Tell the author that this fails on your system:
22 error     node_modules/gulp/bin/gulp --dev
22 error You can get their info via:
22 error     npm owner ls fabricator
22 error There is likely additional logging output above.
23 verbose exit [ 1, true ]
